<?xml version="1.0" encoding="UTF-8"?>
<!-- Generated by org.testng.reporters.JUnitReportReporter -->
<testsuite hostname="Adeleye-PC" name="WebdriverTest.WebdriverTest.FirstTesting" tests="1" failures="0" timestamp="6 Sep 2016 00:28:20 GMT" time="7.928" errors="0">
  <testcase name="MyTest" time="7.928" classname="WebdriverTest.WebdriverTest.FirstTesting"/>
</testsuite> <!-- WebdriverTest.WebdriverTest.FirstTesting -->
